This file contains any messages produced by compilers while
running configure, to aid debugging if configure makes a mistake.

It was created by usbmuxd2 configure 46, which was
generated by GNU Autoconf 2.71.  Invocation command line was

  $ ./configure

## --------- ##
## Platform. ##
## --------- ##

hostname = italo
uname -m = x86_64
uname -r = 5.15.0-41-generic
uname -s = Linux
uname -v = #44-Ubuntu SMP Wed Jun 22 14:20:53 UTC 2022

/usr/bin/uname -p = x86_64
/bin/uname -X     = unknown

/bin/arch              = x86_64
/usr/bin/arch -k       = unknown
/usr/convex/getsysinfo = unknown
/usr/bin/hostinfo      = unknown
/bin/machine           = unknown
/usr/bin/oslevel       = unknown
/bin/universe          = unknown

PATH: /usr/local/sbin/
PATH: /usr/local/bin/
PATH: /usr/sbin/
PATH: /usr/bin/
PATH: /sbin/
PATH: /bin/
PATH: /snap/bin/


## ----------- ##
## Core tests. ##
## ----------- ##

configure:2901: looking for aux files: missing install-sh compile ltmain.sh config.guess config.sub
configure:2914:  trying ./
configure:2943:   ./missing found
configure:2925:   ./install-sh found
configure:2943:   ./compile found
configure:2943:   ./ltmain.sh found
configure:2943:   ./config.guess found
configure:2943:   ./config.sub found
configure:3062: checking build system type
configure:3077: result: x86_64-pc-linux-gnu
configure:3097: checking host system type
configure:3111: result: x86_64-pc-linux-gnu
configure:3131: checking target system type
configure:3145: result: x86_64-pc-linux-gnu
configure:3227: checking how to print strings
configure:3254: result: printf
configure:3340: checking for gcc
configure:3361: found /usr/bin/gcc
configure:3372: result: gcc
configure:3725: checking for C compiler version
configure:3734: gcc --version >&5
gcc (Ubuntu 11.3.0-1ubuntu1~22.04) 11.3.0
Copyright (C) 2021 Free Software Foundation, Inc.
This is free software; see the source for copying conditions.  There is NO
warranty; not even for MERCHANTABILITY or FITNESS FOR A PARTICULAR PURPOSE.

configure:3745: $? = 0
configure:3734: gcc -v >&5
Using built-in specs.
COLLECT_GCC=gcc
COLLECT_LTO_WRAPPER=/usr/lib/gcc/x86_64-linux-gnu/11/lto-wrapper
OFFLOAD_TARGET_NAMES=nvptx-none:amdgcn-amdhsa
OFFLOAD_TARGET_DEFAULT=1
Target: x86_64-linux-gnu
Configured with: ../src/configure -v --with-pkgversion='Ubuntu 11.3.0-1ubuntu1~22.04' --with-bugurl=file:///usr/share/doc/gcc-11/README.Bugs --enable-languages=c,ada,c++,go,brig,d,fortran,objc,obj-c++,m2 --prefix=/usr --with-gcc-major-version-only --program-suffix=-11 --program-prefix=x86_64-linux-gnu- --enable-shared --enable-linker-build-id --libexecdir=/usr/lib --without-included-gettext --enable-threads=posix --libdir=/usr/lib --enable-nls --enable-bootstrap --enable-clocale=gnu --enable-libstdcxx-debug --enable-libstdcxx-time=yes --with-default-libstdcxx-abi=new --enable-gnu-unique-object --disable-vtable-verify --enable-plugin --enable-default-pie --with-system-zlib --enable-libphobos-checking=release --with-target-system-zlib=auto --enable-objc-gc=auto --enable-multiarch --disable-werror --enable-cet --with-arch-32=i686 --with-abi=m64 --with-multilib-list=m32,m64,mx32 --enable-multilib --with-tune=generic --enable-offload-targets=nvptx-none=/build/gcc-11-xKiWfi/gcc-11-11.3.0/debian/tmp-nvptx/usr,amdgcn-amdhsa=/build/gcc-11-xKiWfi/gcc-11-11.3.0/debian/tmp-gcn/usr --without-cuda-driver --enable-checking=release --build=x86_64-linux-gnu --host=x86_64-linux-gnu --target=x86_64-linux-gnu --with-build-config=bootstrap-lto-lean --enable-link-serialization=2
Thread model: posix
Supported LTO compression algorithms: zlib zstd
gcc version 11.3.0 (Ubuntu 11.3.0-1ubuntu1~22.04) 
... rest of stderr output deleted ...
configure:3745: $? = 0
configure:3734: gcc -V >&5
gcc: error: unrecognized command-line option '-V'
gcc: fatal error: no input files
compilation terminated.
configure:3745: $? = 1
configure:3734: gcc -qversion >&5
gcc: error: unrecognized command-line option '-qversion'; did you mean '--version'?
gcc: fatal error: no input files
compilation terminated.
configure:3745: $? = 1
configure:3734: gcc -version >&5
gcc: error: unrecognized command-line option '-version'
gcc: fatal error: no input files
compilation terminated.
configure:3745: $? = 1
configure:3765: checking whether the C compiler works
configure:3787: gcc    conftest.c  >&5
configure:3791: $? = 0
configure:3841: result: yes
configure:3844: checking for C compiler default output file name
configure:3846: result: a.out
configure:3852: checking for suffix of executables
configure:3859: gcc -o conftest    conftest.c  >&5
configure:3863: $? = 0
configure:3886: result: 
configure:3908: checking whether we are cross compiling
configure:3916: gcc -o conftest    conftest.c  >&5
configure:3920: $? = 0
configure:3927: ./conftest
configure:3931: $? = 0
configure:3946: result: no
configure:3951: checking for suffix of object files
configure:3974: gcc -c   conftest.c >&5
configure:3978: $? = 0
configure:4000: result: o
configure:4004: checking whether the compiler supports GNU C
configure:4024: gcc -c   conftest.c >&5
configure:4024: $? = 0
configure:4034: result: yes
configure:4045: checking whether gcc accepts -g
configure:4066: gcc -c -g  conftest.c >&5
configure:4066: $? = 0
configure:4110: result: yes
configure:4130: checking for gcc option to enable C11 features
configure:4145: gcc  -c -g -O2  conftest.c >&5
configure:4145: $? = 0
configure:4163: result: none needed
configure:4279: checking whether gcc understands -c and -o together
configure:4302: gcc -c conftest.c -o conftest2.o
configure:4305: $? = 0
configure:4302: gcc -c conftest.c -o conftest2.o
configure:4305: $? = 0
configure:4317: result: yes
configure:4334: checking for a sed that does not truncate output
configure:4404: result: /usr/bin/sed
configure:4422: checking for grep that handles long lines and -e
configure:4486: result: /usr/bin/grep
configure:4491: checking for egrep
configure:4559: result: /usr/bin/grep -E
configure:4564: checking for fgrep
configure:4632: result: /usr/bin/grep -F
configure:4668: checking for ld used by gcc
configure:4736: result: /usr/bin/ld
configure:4743: checking if the linker (/usr/bin/ld) is GNU ld
configure:4759: result: yes
configure:4771: checking for BSD- or MS-compatible name lister (nm)
configure:4826: result: /usr/bin/nm -B
configure:4966: checking the name lister (/usr/bin/nm -B) interface
configure:4974: gcc -c -g -O2  conftest.c >&5
configure:4977: /usr/bin/nm -B "conftest.o"
configure:4980: output
0000000000000000 B some_variable
configure:4987: result: BSD nm
configure:4990: checking whether ln -s works
configure:4994: result: yes
configure:5002: checking the maximum length of command line arguments
configure:5134: result: 1572864
configure:5182: checking how to convert x86_64-pc-linux-gnu file names to x86_64-pc-linux-gnu format
configure:5223: result: func_convert_file_noop
configure:5230: checking how to convert x86_64-pc-linux-gnu file names to toolchain format
configure:5251: result: func_convert_file_noop
configure:5258: checking for /usr/bin/ld option to reload object files
configure:5266: result: -r
configure:5345: checking for objdump
configure:5366: found /usr/bin/objdump
configure:5377: result: objdump
configure:5409: checking how to recognize dependent libraries
configure:5610: result: pass_all
configure:5700: checking for dlltool
configure:5735: result: no
configure:5765: checking how to associate runtime and link libraries
configure:5793: result: printf %s\n
configure:5859: checking for ar
configure:5880: found /usr/bin/ar
configure:5891: result: ar
configure:5928: checking for archiver @FILE support
configure:5946: gcc -c -g -O2  conftest.c >&5
configure:5946: $? = 0
configure:5950: ar cr libconftest.a @conftest.lst >&5
configure:5953: $? = 0
configure:5958: ar cr libconftest.a @conftest.lst >&5
ar: conftest.o: No such file or directory
configure:5961: $? = 1
configure:5973: result: @
configure:6036: checking for strip
configure:6057: found /usr/bin/strip
configure:6068: result: strip
configure:6145: checking for ranlib
configure:6166: found /usr/bin/ranlib
configure:6177: result: ranlib
configure:6254: checking for gawk
configure:6275: found /usr/bin/gawk
configure:6286: result: gawk
configure:6326: checking command to parse /usr/bin/nm -B output from gcc object
configure:6480: gcc -c -g -O2  conftest.c >&5
configure:6483: $? = 0
configure:6487: /usr/bin/nm -B conftest.o | sed -n -e 's/^.*[	 ]\([ABCDGIRSTW][ABCDGIRSTW]*\)[	 ][	 ]*\([_A-Za-z][_A-Za-z0-9]*\)$/\1 \2 \2/p' | sed '/ __gnu_lto/d' > conftest.nm
configure:6553: gcc -o conftest -g -O2   conftest.c conftstm.o >&5
configure:6556: $? = 0
configure:6594: result: ok
configure:6641: checking for sysroot
configure:6672: result: no
configure:6679: checking for a working dd
configure:6723: result: /usr/bin/dd
configure:6727: checking how to truncate binary pipes
configure:6743: result: /usr/bin/dd bs=4096 count=1
configure:6880: gcc -c -g -O2  conftest.c >&5
configure:6883: $? = 0
configure:7080: checking for mt
configure:7101: found /usr/bin/mt
configure:7112: result: mt
configure:7135: checking if mt is a manifest tool
configure:7142: mt '-?'
configure:7150: result: no
configure:7880: checking for stdio.h
configure:7880: gcc -c -g -O2  conftest.c >&5
configure:7880: $? = 0
configure:7880: result: yes
configure:7880: checking for stdlib.h
configure:7880: gcc -c -g -O2  conftest.c >&5
configure:7880: $? = 0
configure:7880: result: yes
configure:7880: checking for string.h
configure:7880: gcc -c -g -O2  conftest.c >&5
configure:7880: $? = 0
configure:7880: result: yes
configure:7880: checking for inttypes.h
configure:7880: gcc -c -g -O2  conftest.c >&5
configure:7880: $? = 0
configure:7880: result: yes
configure:7880: checking for stdint.h
configure:7880: gcc -c -g -O2  conftest.c >&5
configure:7880: $? = 0
configure:7880: result: yes
configure:7880: checking for strings.h
configure:7880: gcc -c -g -O2  conftest.c >&5
configure:7880: $? = 0
configure:7880: result: yes
configure:7880: checking for sys/stat.h
configure:7880: gcc -c -g -O2  conftest.c >&5
configure:7880: $? = 0
configure:7880: result: yes
configure:7880: checking for sys/types.h
configure:7880: gcc -c -g -O2  conftest.c >&5
configure:7880: $? = 0
configure:7880: result: yes
configure:7880: checking for unistd.h
configure:7880: gcc -c -g -O2  conftest.c >&5
configure:7880: $? = 0
configure:7880: result: yes
configure:7905: checking for dlfcn.h
configure:7905: gcc -c -g -O2  conftest.c >&5
configure:7905: $? = 0
configure:7905: result: yes
configure:8164: checking for objdir
configure:8180: result: .libs
configure:8444: checking if gcc supports -fno-rtti -fno-exceptions
configure:8463: gcc -c -g -O2  -fno-rtti -fno-exceptions conftest.c >&5
cc1: warning: command-line option '-fno-rtti' is valid for C++/D/ObjC++ but not for C
configure:8467: $? = 0
configure:8480: result: no
configure:8844: checking for gcc option to produce PIC
configure:8852: result: -fPIC -DPIC
configure:8860: checking if gcc PIC flag -fPIC -DPIC works
configure:8879: gcc -c -g -O2  -fPIC -DPIC -DPIC conftest.c >&5
configure:8883: $? = 0
configure:8896: result: yes
configure:8925: checking if gcc static flag -static works
configure:8954: result: yes
configure:8969: checking if gcc supports -c -o file.o
configure:8991: gcc -c -g -O2  -o out/conftest2.o conftest.c >&5
configure:8995: $? = 0
configure:9017: result: yes
configure:9025: checking if gcc supports -c -o file.o
configure:9073: result: yes
configure:9106: checking whether the gcc linker (/usr/bin/ld -m elf_x86_64) supports shared libraries
configure:10376: result: yes
configure:10413: checking whether -lc should be explicitly linked in
configure:10422: gcc -c -g -O2  conftest.c >&5
configure:10425: $? = 0
configure:10440: gcc -shared  -fPIC -DPIC conftest.o  -v -Wl,-soname -Wl,conftest -o conftest 2\>\&1 \| /usr/bin/grep  -lc  \>/dev/null 2\>\&1
configure:10443: $? = 0
configure:10457: result: no
configure:10617: checking dynamic linker characteristics
configure:11199: gcc -o conftest -g -O2   -Wl,-rpath -Wl,/foo conftest.c  >&5
configure:11199: $? = 0
configure:11450: result: GNU/Linux ld.so
configure:11572: checking how to hardcode library paths into programs
configure:11597: result: immediate
configure:12149: checking whether stripping libraries is possible
configure:12154: result: yes
configure:12189: checking if libtool supports shared libraries
configure:12191: result: yes
configure:12194: checking whether to build shared libraries
configure:12219: result: yes
configure:12222: checking whether to build static libraries
configure:12226: result: yes
configure:12280: checking for a BSD-compatible install
configure:12353: result: /usr/bin/install -c
configure:12364: checking whether build environment is sane
configure:12419: result: yes
configure:12574: checking for a race-free mkdir -p
configure:12618: result: /usr/bin/mkdir -p
configure:12621: checking whether make sets $(MAKE)
configure:12644: result: yes
configure:12666: checking whether make supports the include directive
configure:12681: make -f confmf.GNU && cat confinc.out
this is the am__doit target
configure:12684: $? = 0
configure:12703: result: yes (GNU style)
configure:12738: checking whether make supports nested variables
configure:12756: result: yes
configure:12837: checking dependency style of gcc
configure:12949: result: gcc3
configure:13104: checking for g++
configure:13125: found /usr/bin/g++
configure:13136: result: g++
configure:13163: checking for C++ compiler version
configure:13172: g++ --version >&5
g++ (Ubuntu 11.3.0-1ubuntu1~22.04) 11.3.0
Copyright (C) 2021 Free Software Foundation, Inc.
This is free software; see the source for copying conditions.  There is NO
warranty; not even for MERCHANTABILITY or FITNESS FOR A PARTICULAR PURPOSE.

configure:13183: $? = 0
configure:13172: g++ -v >&5
Using built-in specs.
COLLECT_GCC=g++
COLLECT_LTO_WRAPPER=/usr/lib/gcc/x86_64-linux-gnu/11/lto-wrapper
OFFLOAD_TARGET_NAMES=nvptx-none:amdgcn-amdhsa
OFFLOAD_TARGET_DEFAULT=1
Target: x86_64-linux-gnu
Configured with: ../src/configure -v --with-pkgversion='Ubuntu 11.3.0-1ubuntu1~22.04' --with-bugurl=file:///usr/share/doc/gcc-11/README.Bugs --enable-languages=c,ada,c++,go,brig,d,fortran,objc,obj-c++,m2 --prefix=/usr --with-gcc-major-version-only --program-suffix=-11 --program-prefix=x86_64-linux-gnu- --enable-shared --enable-linker-build-id --libexecdir=/usr/lib --without-included-gettext --enable-threads=posix --libdir=/usr/lib --enable-nls --enable-bootstrap --enable-clocale=gnu --enable-libstdcxx-debug --enable-libstdcxx-time=yes --with-default-libstdcxx-abi=new --enable-gnu-unique-object --disable-vtable-verify --enable-plugin --enable-default-pie --with-system-zlib --enable-libphobos-checking=release --with-target-system-zlib=auto --enable-objc-gc=auto --enable-multiarch --disable-werror --enable-cet --with-arch-32=i686 --with-abi=m64 --with-multilib-list=m32,m64,mx32 --enable-multilib --with-tune=generic --enable-offload-targets=nvptx-none=/build/gcc-11-xKiWfi/gcc-11-11.3.0/debian/tmp-nvptx/usr,amdgcn-amdhsa=/build/gcc-11-xKiWfi/gcc-11-11.3.0/debian/tmp-gcn/usr --without-cuda-driver --enable-checking=release --build=x86_64-linux-gnu --host=x86_64-linux-gnu --target=x86_64-linux-gnu --with-build-config=bootstrap-lto-lean --enable-link-serialization=2
Thread model: posix
Supported LTO compression algorithms: zlib zstd
gcc version 11.3.0 (Ubuntu 11.3.0-1ubuntu1~22.04) 
... rest of stderr output deleted ...
configure:13183: $? = 0
configure:13172: g++ -V >&5
g++: error: unrecognized command-line option '-V'
g++: fatal error: no input files
compilation terminated.
configure:13183: $? = 1
configure:13172: g++ -qversion >&5
g++: error: unrecognized command-line option '-qversion'; did you mean '--version'?
g++: fatal error: no input files
compilation terminated.
configure:13183: $? = 1
configure:13187: checking whether the compiler supports GNU C++
configure:13207: g++ -c   conftest.cpp >&5
configure:13207: $? = 0
configure:13217: result: yes
configure:13228: checking whether g++ accepts -g
configure:13249: g++ -c -g  conftest.cpp >&5
configure:13249: $? = 0
configure:13293: result: yes
configure:13313: checking for g++ option to enable C++11 features
configure:13328: g++  -c -g -O2  conftest.cpp >&5
conftest.cpp: In function 'int main(int, char**)':
conftest.cpp:191:25: warning: empty parentheses were disambiguated as a function declaration [-Wvexing-parse]
  191 |   cxx11test::delegate d2();
      |                         ^~
conftest.cpp:191:25: note: remove parentheses to default-initialize a variable
  191 |   cxx11test::delegate d2();
      |                         ^~
      |                         --
conftest.cpp:191:25: note: or replace parentheses with braces to value-initialize a variable
configure:13328: $? = 0
configure:13346: result: none needed
configure:13428: checking how to run the C++ preprocessor
configure:13450: g++ -E  conftest.cpp
configure:13450: $? = 0
configure:13465: g++ -E  conftest.cpp
conftest.cpp:25:10: fatal error: ac_nonexistent.h: No such file or directory
   25 | #include <ac_nonexistent.h>
      |          ^~~~~~~~~~~~~~~~~~
compilation terminated.
configure:13465: $? = 1
configure: failed program was:
| /* confdefs.h */
| #define PACKAGE_NAME "usbmuxd2"
| #define PACKAGE_TARNAME "usbmuxd2"
| #define PACKAGE_VERSION "46"
| #define PACKAGE_STRING "usbmuxd2 46"
| #define PACKAGE_BUGREPORT "tihmstar@gmail.com"
| #define PACKAGE_URL ""
| #define HAVE_STDIO_H 1
| #define HAVE_STDLIB_H 1
| #define HAVE_STRING_H 1
| #define HAVE_INTTYPES_H 1
| #define HAVE_STDINT_H 1
| #define HAVE_STRINGS_H 1
| #define HAVE_SYS_STAT_H 1
| #define HAVE_SYS_TYPES_H 1
| #define HAVE_UNISTD_H 1
| #define STDC_HEADERS 1
| #define HAVE_DLFCN_H 1
| #define LT_OBJDIR ".libs/"
| #define PACKAGE "usbmuxd2"
| #define VERSION "46"
| #define VERSION_COMMIT_COUNT "46"
| #define VERSION_COMMIT_SHA "753b79eaf317c56df6c8b1fb6da5847cc54a0bb0"
| /* end confdefs.h.  */
| #include <ac_nonexistent.h>
configure:13492: result: g++ -E
configure:13506: g++ -E  conftest.cpp
configure:13506: $? = 0
configure:13521: g++ -E  conftest.cpp
conftest.cpp:25:10: fatal error: ac_nonexistent.h: No such file or directory
   25 | #include <ac_nonexistent.h>
      |          ^~~~~~~~~~~~~~~~~~
compilation terminated.
configure:13521: $? = 1
configure: failed program was:
| /* confdefs.h */
| #define PACKAGE_NAME "usbmuxd2"
| #define PACKAGE_TARNAME "usbmuxd2"
| #define PACKAGE_VERSION "46"
| #define PACKAGE_STRING "usbmuxd2 46"
| #define PACKAGE_BUGREPORT "tihmstar@gmail.com"
| #define PACKAGE_URL ""
| #define HAVE_STDIO_H 1
| #define HAVE_STDLIB_H 1
| #define HAVE_STRING_H 1
| #define HAVE_INTTYPES_H 1
| #define HAVE_STDINT_H 1
| #define HAVE_STRINGS_H 1
| #define HAVE_SYS_STAT_H 1
| #define HAVE_SYS_TYPES_H 1
| #define HAVE_UNISTD_H 1
| #define STDC_HEADERS 1
| #define HAVE_DLFCN_H 1
| #define LT_OBJDIR ".libs/"
| #define PACKAGE "usbmuxd2"
| #define VERSION "46"
| #define VERSION_COMMIT_COUNT "46"
| #define VERSION_COMMIT_SHA "753b79eaf317c56df6c8b1fb6da5847cc54a0bb0"
| /* end confdefs.h.  */
| #include <ac_nonexistent.h>
configure:13686: checking for ld used by g++
configure:13754: result: /usr/bin/ld -m elf_x86_64
configure:13761: checking if the linker (/usr/bin/ld -m elf_x86_64) is GNU ld
configure:13777: result: yes
configure:13832: checking whether the g++ linker (/usr/bin/ld -m elf_x86_64) supports shared libraries
configure:14909: result: yes
configure:14945: g++ -c -g -O2  conftest.cpp >&5
configure:14948: $? = 0
configure:15429: checking for g++ option to produce PIC
configure:15437: result: -fPIC -DPIC
configure:15445: checking if g++ PIC flag -fPIC -DPIC works
configure:15464: g++ -c -g -O2  -fPIC -DPIC -DPIC conftest.cpp >&5
configure:15468: $? = 0
configure:15481: result: yes
configure:15504: checking if g++ static flag -static works
configure:15533: result: yes
configure:15545: checking if g++ supports -c -o file.o
configure:15567: g++ -c -g -O2  -o out/conftest2.o conftest.cpp >&5
configure:15571: $? = 0
configure:15593: result: yes
configure:15598: checking if g++ supports -c -o file.o
configure:15646: result: yes
configure:15676: checking whether the g++ linker (/usr/bin/ld -m elf_x86_64) supports shared libraries
configure:15719: result: yes
configure:15861: checking dynamic linker characteristics
configure:16621: result: GNU/Linux ld.so
configure:16686: checking how to hardcode library paths into programs
configure:16711: result: immediate
configure:16753: checking dependency style of g++
configure:16865: result: gcc3
configure:16933: checking for gcc
configure:16965: result: gcc
configure:17318: checking for C compiler version
configure:17327: gcc --version >&5
gcc (Ubuntu 11.3.0-1ubuntu1~22.04) 11.3.0
Copyright (C) 2021 Free Software Foundation, Inc.
This is free software; see the source for copying conditions.  There is NO
warranty; not even for MERCHANTABILITY or FITNESS FOR A PARTICULAR PURPOSE.

configure:17338: $? = 0
configure:17327: gcc -v >&5
Using built-in specs.
COLLECT_GCC=gcc
COLLECT_LTO_WRAPPER=/usr/lib/gcc/x86_64-linux-gnu/11/lto-wrapper
OFFLOAD_TARGET_NAMES=nvptx-none:amdgcn-amdhsa
OFFLOAD_TARGET_DEFAULT=1
Target: x86_64-linux-gnu
Configured with: ../src/configure -v --with-pkgversion='Ubuntu 11.3.0-1ubuntu1~22.04' --with-bugurl=file:///usr/share/doc/gcc-11/README.Bugs --enable-languages=c,ada,c++,go,brig,d,fortran,objc,obj-c++,m2 --prefix=/usr --with-gcc-major-version-only --program-suffix=-11 --program-prefix=x86_64-linux-gnu- --enable-shared --enable-linker-build-id --libexecdir=/usr/lib --without-included-gettext --enable-threads=posix --libdir=/usr/lib --enable-nls --enable-bootstrap --enable-clocale=gnu --enable-libstdcxx-debug --enable-libstdcxx-time=yes --with-default-libstdcxx-abi=new --enable-gnu-unique-object --disable-vtable-verify --enable-plugin --enable-default-pie --with-system-zlib --enable-libphobos-checking=release --with-target-system-zlib=auto --enable-objc-gc=auto --enable-multiarch --disable-werror --enable-cet --with-arch-32=i686 --with-abi=m64 --with-multilib-list=m32,m64,mx32 --enable-multilib --with-tune=generic --enable-offload-targets=nvptx-none=/build/gcc-11-xKiWfi/gcc-11-11.3.0/debian/tmp-nvptx/usr,amdgcn-amdhsa=/build/gcc-11-xKiWfi/gcc-11-11.3.0/debian/tmp-gcn/usr --without-cuda-driver --enable-checking=release --build=x86_64-linux-gnu --host=x86_64-linux-gnu --target=x86_64-linux-gnu --with-build-config=bootstrap-lto-lean --enable-link-serialization=2
Thread model: posix
Supported LTO compression algorithms: zlib zstd
gcc version 11.3.0 (Ubuntu 11.3.0-1ubuntu1~22.04) 
... rest of stderr output deleted ...
configure:17338: $? = 0
configure:17327: gcc -V >&5
gcc: error: unrecognized command-line option '-V'
gcc: fatal error: no input files
compilation terminated.
configure:17338: $? = 1
configure:17327: gcc -qversion >&5
gcc: error: unrecognized command-line option '-qversion'; did you mean '--version'?
gcc: fatal error: no input files
compilation terminated.
configure:17338: $? = 1
configure:17327: gcc -version >&5
gcc: error: unrecognized command-line option '-version'
gcc: fatal error: no input files
compilation terminated.
configure:17338: $? = 1
configure:17342: checking whether the compiler supports GNU C
configure:17372: result: yes
configure:17383: checking whether gcc accepts -g
configure:17448: result: yes
configure:17468: checking for gcc option to enable C11 features
configure:17501: result: none needed
configure:17617: checking whether gcc understands -c and -o together
configure:17655: result: yes
configure:17674: checking whether we need platform-specific build settings
configure:17752: checking for pkg-config
configure:17775: found /usr/bin/pkg-config
configure:17787: result: /usr/bin/pkg-config
configure:17812: checking pkg-config is at least version 0.9.0
configure:17815: result: yes
configure:17825: checking for libgeneral >= 39
configure:17832: $PKG_CONFIG --exists --print-errors "libgeneral >= 39"
Package libgeneral was not found in the pkg-config search path.
Perhaps you should add the directory containing `libgeneral.pc'
to the PKG_CONFIG_PATH environment variable
No package 'libgeneral' found
configure:17835: $? = 1
configure:17849: $PKG_CONFIG --exists --print-errors "libgeneral >= 39"
Package libgeneral was not found in the pkg-config search path.
Perhaps you should add the directory containing `libgeneral.pc'
to the PKG_CONFIG_PATH environment variable
No package 'libgeneral' found
configure:17852: $? = 1
configure:17866: result: no
No package 'libgeneral' found
configure:17882: error: Package requirements (libgeneral >= 39) were not met:

No package 'libgeneral' found

Consider adjusting the PKG_CONFIG_PATH environment variable if you
installed software in a non-standard prefix.

Alternatively, you may set the environment variables libgeneral_CFLAGS
and libgeneral_LIBS to avoid the need to call pkg-config.
See the pkg-config man page for more details.

## ---------------- ##
## Cache variables. ##
## ---------------- ##

ac_cv_build=x86_64-pc-linux-gnu
ac_cv_c_compiler_gnu=yes
ac_cv_cxx_compiler_gnu=yes
ac_cv_env_CCC_set=
ac_cv_env_CCC_value=
ac_cv_env_CC_set=
ac_cv_env_CC_value=
ac_cv_env_CFLAGS_set=
ac_cv_env_CFLAGS_value=
ac_cv_env_CPPFLAGS_set=
ac_cv_env_CPPFLAGS_value=
ac_cv_env_CXXCPP_set=
ac_cv_env_CXXCPP_value=
ac_cv_env_CXXFLAGS_set=
ac_cv_env_CXXFLAGS_value=
ac_cv_env_CXX_set=
ac_cv_env_CXX_value=
ac_cv_env_LDFLAGS_set=
ac_cv_env_LDFLAGS_value=
ac_cv_env_LIBS_set=
ac_cv_env_LIBS_value=
ac_cv_env_LT_SYS_LIBRARY_PATH_set=
ac_cv_env_LT_SYS_LIBRARY_PATH_value=
ac_cv_env_PKG_CONFIG_LIBDIR_set=
ac_cv_env_PKG_CONFIG_LIBDIR_value=
ac_cv_env_PKG_CONFIG_PATH_set=
ac_cv_env_PKG_CONFIG_PATH_value=
ac_cv_env_PKG_CONFIG_set=
ac_cv_env_PKG_CONFIG_value=
ac_cv_env_avahi_CFLAGS_set=
ac_cv_env_avahi_CFLAGS_value=
ac_cv_env_avahi_LIBS_set=
ac_cv_env_avahi_LIBS_value=
ac_cv_env_build_alias_set=
ac_cv_env_build_alias_value=
ac_cv_env_host_alias_set=
ac_cv_env_host_alias_value=
ac_cv_env_libgeneral_CFLAGS_set=
ac_cv_env_libgeneral_CFLAGS_value=
ac_cv_env_libgeneral_LIBS_set=
ac_cv_env_libgeneral_LIBS_value=
ac_cv_env_libimobiledevice_CFLAGS_set=
ac_cv_env_libimobiledevice_CFLAGS_value=
ac_cv_env_libimobiledevice_LIBS_set=
ac_cv_env_libimobiledevice_LIBS_value=
ac_cv_env_libplist_CFLAGS_set=
ac_cv_env_libplist_CFLAGS_value=
ac_cv_env_libplist_LIBS_set=
ac_cv_env_libplist_LIBS_value=
ac_cv_env_libusb_CFLAGS_set=
ac_cv_env_libusb_CFLAGS_value=
ac_cv_env_libusb_LIBS_set=
ac_cv_env_libusb_LIBS_value=
ac_cv_env_target_alias_set=
ac_cv_env_target_alias_value=
ac_cv_header_dlfcn_h=yes
ac_cv_header_inttypes_h=yes
ac_cv_header_stdint_h=yes
ac_cv_header_stdio_h=yes
ac_cv_header_stdlib_h=yes
ac_cv_header_string_h=yes
ac_cv_header_strings_h=yes
ac_cv_header_sys_stat_h=yes
ac_cv_header_sys_types_h=yes
ac_cv_header_unistd_h=yes
ac_cv_host=x86_64-pc-linux-gnu
ac_cv_objext=o
ac_cv_path_EGREP='/usr/bin/grep -E'
ac_cv_path_FGREP='/usr/bin/grep -F'
ac_cv_path_GREP=/usr/bin/grep
ac_cv_path_SED=/usr/bin/sed
ac_cv_path_ac_pt_PKG_CONFIG=/usr/bin/pkg-config
ac_cv_path_install='/usr/bin/install -c'
ac_cv_path_lt_DD=/usr/bin/dd
ac_cv_path_mkdir=/usr/bin/mkdir
ac_cv_prog_AWK=gawk
ac_cv_prog_CXXCPP='g++ -E'
ac_cv_prog_ac_ct_AR=ar
ac_cv_prog_ac_ct_CC=gcc
ac_cv_prog_ac_ct_CXX=g++
ac_cv_prog_ac_ct_MANIFEST_TOOL=mt
ac_cv_prog_ac_ct_OBJDUMP=objdump
ac_cv_prog_ac_ct_RANLIB=ranlib
ac_cv_prog_ac_ct_STRIP=strip
ac_cv_prog_cc_c11=
ac_cv_prog_cc_g=yes
ac_cv_prog_cc_stdc=
ac_cv_prog_cxx_11=no
ac_cv_prog_cxx_cxx11=
ac_cv_prog_cxx_g=yes
ac_cv_prog_cxx_stdcxx=
ac_cv_prog_make_make_set=yes
ac_cv_target=x86_64-pc-linux-gnu
am_cv_CC_dependencies_compiler_type=gcc3
am_cv_CXX_dependencies_compiler_type=gcc3
am_cv_make_support_nested_variables=yes
am_cv_prog_cc_c_o=yes
lt_cv_ar_at_file=@
lt_cv_archive_cmds_need_lc=no
lt_cv_deplibs_check_method=pass_all
lt_cv_file_magic_cmd='$MAGIC_CMD'
lt_cv_file_magic_test_file=
lt_cv_ld_reload_flag=-r
lt_cv_nm_interface='BSD nm'
lt_cv_objdir=.libs
lt_cv_path_LD=/usr/bin/ld
lt_cv_path_LDCXX='/usr/bin/ld -m elf_x86_64'
lt_cv_path_NM='/usr/bin/nm -B'
lt_cv_path_mainfest_tool=no
lt_cv_prog_compiler_c_o=yes
lt_cv_prog_compiler_c_o_CXX=yes
lt_cv_prog_compiler_pic='-fPIC -DPIC'
lt_cv_prog_compiler_pic_CXX='-fPIC -DPIC'
lt_cv_prog_compiler_pic_works=yes
lt_cv_prog_compiler_pic_works_CXX=yes
lt_cv_prog_compiler_rtti_exceptions=no
lt_cv_prog_compiler_static_works=yes
lt_cv_prog_compiler_static_works_CXX=yes
lt_cv_prog_gnu_ld=yes
lt_cv_prog_gnu_ldcxx=yes
lt_cv_sharedlib_from_linklib_cmd='printf %s\n'
lt_cv_shlibpath_overrides_runpath=yes
lt_cv_sys_global_symbol_pipe='sed -n -e '\''s/^.*[	 ]\([ABCDGIRSTW][ABCDGIRSTW]*\)[	 ][	 ]*\([_A-Za-z][_A-Za-z0-9]*\)$/\1 \2 \2/p'\'' | sed '\''/ __gnu_lto/d'\'''
lt_cv_sys_global_symbol_to_c_name_address='sed -n -e '\''s/^: \(.*\) .*$/  {"\1", (void *) 0},/p'\'' -e '\''s/^[ABCDGIRSTW][ABCDGIRSTW]* .* \(.*\)$/  {"\1", (void *) \&\1},/p'\'''
lt_cv_sys_global_symbol_to_c_name_address_lib_prefix='sed -n -e '\''s/^: \(.*\) .*$/  {"\1", (void *) 0},/p'\'' -e '\''s/^[ABCDGIRSTW][ABCDGIRSTW]* .* \(lib.*\)$/  {"\1", (void *) \&\1},/p'\'' -e '\''s/^[ABCDGIRSTW][ABCDGIRSTW]* .* \(.*\)$/  {"lib\1", (void *) \&\1},/p'\'''
lt_cv_sys_global_symbol_to_cdecl='sed -n -e '\''s/^T .* \(.*\)$/extern int \1();/p'\'' -e '\''s/^[ABCDGIRSTW][ABCDGIRSTW]* .* \(.*\)$/extern char \1;/p'\'''
lt_cv_sys_global_symbol_to_import=
lt_cv_sys_max_cmd_len=1572864
lt_cv_to_host_file_cmd=func_convert_file_noop
lt_cv_to_tool_file_cmd=func_convert_file_noop
lt_cv_truncate_bin='/usr/bin/dd bs=4096 count=1'

## ----------------- ##
## Output variables. ##
## ----------------- ##

ACLOCAL='${SHELL} '\''/home/italo/usbmuxd2/missing'\'' aclocal-1.16'
AMDEPBACKSLASH='\'
AMDEP_FALSE='#'
AMDEP_TRUE=''
AMTAR='$${TAR-tar}'
AM_BACKSLASH='\'
AM_DEFAULT_V='$(AM_DEFAULT_VERBOSITY)'
AM_DEFAULT_VERBOSITY='1'
AM_V='$(V)'
AR='ar'
AUTOCONF='${SHELL} '\''/home/italo/usbmuxd2/missing'\'' autoconf'
AUTOHEADER='${SHELL} '\''/home/italo/usbmuxd2/missing'\'' autoheader'
AUTOMAKE='${SHELL} '\''/home/italo/usbmuxd2/missing'\'' automake-1.16'
AWK='gawk'
CC='gcc'
CCDEPMODE='depmode=gcc3'
CFLAGS='-g -O2 -DCUSTOM_LOGGING="\"log.h\""'
CPPFLAGS=''
CSCOPE='cscope'
CTAGS='ctags'
CXX='g++'
CXXCPP='g++ -E'
CXXDEPMODE='depmode=gcc3'
CXXFLAGS='-g -O2 -DCUSTOM_LOGGING="\"log.h\"" -std=c++17'
CYGPATH_W='echo'
DEBUG_FALSE=''
DEBUG_TRUE=''
DEFS=''
DEPDIR='.deps'
DLLTOOL='false'
DSYMUTIL=''
DUMPBIN=''
ECHO_C=''
ECHO_N='-n'
ECHO_T=''
EGREP='/usr/bin/grep -E'
ETAGS='etags'
EXEEXT=''
FGREP='/usr/bin/grep -F'
GREP='/usr/bin/grep'
INSTALL_DATA='${INSTALL} -m 644'
INSTALL_PROGRAM='${INSTALL}'
INSTALL_SCRIPT='${INSTALL}'
INSTALL_STRIP_PROGRAM='$(install_sh) -c -s'
LD='/usr/bin/ld -m elf_x86_64'
LDFLAGS=' -lstdc++fs'
LIBOBJS=''
LIBS=''
LIBTOOL='$(SHELL) $(top_builddir)/libtool'
LIPO=''
LN_S='ln -s'
LTLIBOBJS=''
LT_SYS_LIBRARY_PATH=''
MAKEINFO='${SHELL} '\''/home/italo/usbmuxd2/missing'\'' makeinfo'
MANIFEST_TOOL=':'
MKDIR_P='/usr/bin/mkdir -p'
NM='/usr/bin/nm -B'
NMEDIT=''
OBJDUMP='objdump'
OBJEXT='o'
OTOOL64=''
OTOOL=''
PACKAGE='usbmuxd2'
PACKAGE_BUGREPORT='tihmstar@gmail.com'
PACKAGE_NAME='usbmuxd2'
PACKAGE_STRING='usbmuxd2 46'
PACKAGE_TARNAME='usbmuxd2'
PACKAGE_URL=''
PACKAGE_VERSION='46'
PATH_SEPARATOR=':'
PKG_CONFIG='/usr/bin/pkg-config'
PKG_CONFIG_LIBDIR=''
PKG_CONFIG_PATH=''
RANLIB='ranlib'
SED='/usr/bin/sed'
SET_MAKE=''
SHELL='/bin/bash'
STRIP='strip'
SYSTEMD_SUB=''
UDEV_SUB=''
VERSION='46'
VERSION_COMMIT_COUNT='46'
VERSION_COMMIT_SHA='753b79eaf317c56df6c8b1fb6da5847cc54a0bb0'
WANT_SYSTEMD_FALSE=''
WANT_SYSTEMD_TRUE=''
ac_ct_AR='ar'
ac_ct_CC='gcc'
ac_ct_CXX='g++'
ac_ct_DUMPBIN=''
am__EXEEXT_FALSE=''
am__EXEEXT_TRUE=''
am__fastdepCC_FALSE='#'
am__fastdepCC_TRUE=''
am__fastdepCXX_FALSE='#'
am__fastdepCXX_TRUE=''
am__include='include'
am__isrc=''
am__leading_dot='.'
am__nodep='_no'
am__quote=''
am__tar='$${TAR-tar} chof - "$$tardir"'
am__untar='$${TAR-tar} xf -'
avahi_CFLAGS=''
avahi_LIBS=''
bindir='${exec_prefix}/bin'
build='x86_64-pc-linux-gnu'
build_alias=''
build_cpu='x86_64'
build_os='linux-gnu'
build_vendor='pc'
datadir='${datarootdir}'
datarootdir='${prefix}/share'
docdir='${datarootdir}/doc/${PACKAGE_TARNAME}'
dvidir='${docdir}'
exec_prefix='NONE'
host='x86_64-pc-linux-gnu'
host_alias=''
host_cpu='x86_64'
host_os='linux-gnu'
host_vendor='pc'
htmldir='${docdir}'
includedir='${prefix}/include'
infodir='${datarootdir}/info'
install_sh='${SHELL} /home/italo/usbmuxd2/install-sh'
libdir='${exec_prefix}/lib'
libexecdir='${exec_prefix}/libexec'
libgeneral_CFLAGS=''
libgeneral_LIBS=''
libimobiledevice_CFLAGS=''
libimobiledevice_LIBS=''
libplist_CFLAGS=''
libplist_LIBS=''
libusb_CFLAGS=''
libusb_LIBS=''
localedir='${datarootdir}/locale'
localstatedir='${prefix}/var'
mandir='${datarootdir}/man'
mkdir_p='$(MKDIR_P)'
oldincludedir='/usr/include'
pdfdir='${docdir}'
prefix='NONE'
program_transform_name='s,x,x,'
psdir='${docdir}'
runstatedir='${localstatedir}/run'
sbindir='${exec_prefix}/sbin'
sharedstatedir='${prefix}/com'
sysconfdir='${prefix}/etc'
systemdsystemunitdir=''
target='x86_64-pc-linux-gnu'
target_alias=''
target_cpu='x86_64'
target_os='linux-gnu'
target_vendor='pc'
udev_activation_rule=''
udevrulesdir=''

## ----------- ##
## confdefs.h. ##
## ----------- ##

/* confdefs.h */
#define PACKAGE_NAME "usbmuxd2"
#define PACKAGE_TARNAME "usbmuxd2"
#define PACKAGE_VERSION "46"
#define PACKAGE_STRING "usbmuxd2 46"
#define PACKAGE_BUGREPORT "tihmstar@gmail.com"
#define PACKAGE_URL ""
#define HAVE_STDIO_H 1
#define HAVE_STDLIB_H 1
#define HAVE_STRING_H 1
#define HAVE_INTTYPES_H 1
#define HAVE_STDINT_H 1
#define HAVE_STRINGS_H 1
#define HAVE_SYS_STAT_H 1
#define HAVE_SYS_TYPES_H 1
#define HAVE_UNISTD_H 1
#define STDC_HEADERS 1
#define HAVE_DLFCN_H 1
#define LT_OBJDIR ".libs/"
#define PACKAGE "usbmuxd2"
#define VERSION "46"
#define VERSION_COMMIT_COUNT "46"
#define VERSION_COMMIT_SHA "753b79eaf317c56df6c8b1fb6da5847cc54a0bb0"

configure: exit 1
